 (10.1103/physrevresearch.6.023155): Record has been flagged for external costsplitting. The cost data probably does not represent the full amount OpenAPC is interested in, article was omitted.
 (10.3389/fnhum.2023.1280989): Record has been flagged for external costsplitting. The cost data probably does not represent the full amount OpenAPC is interested in, article was omitted.
 (10.1038/s41467-024-51714-x): Record has been flagged for external costsplitting. The cost data probably does not represent the full amount OpenAPC is interested in, article was omitted.
 (10.5771/9783987401466): Record has been flagged for external costsplitting. The cost data probably does not represent the full amount OpenAPC is interested in, article was omitted.
 (10.1163/9789004710894): Record has been flagged for external costsplitting. The cost data probably does not represent the full amount OpenAPC is interested in, article was omitted.
 (10.5771/9783748915553): Record has been flagged for external costsplitting. The cost data probably does not represent the full amount OpenAPC is interested in, article was omitted.
 (10.3389/fimmu.2024.1342497): Record has been flagged for external costsplitting. The cost data probably does not represent the full amount OpenAPC is interested in, article was omitted.
 (10.3390/insects15080622): Record has been flagged for external costsplitting. The cost data probably does not represent the full amount OpenAPC is interested in, article was omitted.
 (10.5194/cp-20-1327-2024): Record has been flagged for external costsplitting. The cost data probably does not represent the full amount OpenAPC is interested in, article was omitted.
 (10.1163/9789004684553): Record has been flagged for external costsplitting. The cost data probably does not represent the full amount OpenAPC is interested in, article was omitted.
 (10.1007/978-3-031-39838-4): Record has been flagged for external costsplitting. The cost data probably does not represent the full amount OpenAPC is interested in, article was omitted.
 (10.14361/9783839472996): Record has been flagged for external costsplitting. The cost data probably does not represent the full amount OpenAPC is interested in, article was omitted.
 (10.11647/obp.0406): Record has been flagged for external costsplitting. The cost data probably does not represent the full amount OpenAPC is interested in, article was omitted.
 (10.1038/s41586-024-08130-4): Record has been flagged for external costsplitting. The cost data probably does not represent the full amount OpenAPC is interested in, article was omitted.
 (10.1038/s41893-024-01446-z): Record has been flagged for external costsplitting. The cost data probably does not represent the full amount OpenAPC is interested in, article was omitted.
 (10.1038/s41467-024-54668-2): Record has been flagged for external costsplitting. The cost data probably does not represent the full amount OpenAPC is interested in, article was omitted.
 (10.5751/es-14597-280422): Record has been flagged for external costsplitting. The cost data probably does not represent the full amount OpenAPC is interested in, article was omitted.
 (10.1093/qopen/qoad031): Record has been flagged for external costsplitting. The cost data probably does not represent the full amount OpenAPC is interested in, article was omitted.
 (10.3389/fsufs.2023.1169578): Record has been flagged for external costsplitting. The cost data probably does not represent the full amount OpenAPC is interested in, article was omitted.
 (10.5194/hess-27-3851-2023): Record has been flagged for external costsplitting. The cost data probably does not represent the full amount OpenAPC is interested in, article was omitted.
 (10.5194/amt-17-1317-2024): Record has been flagged for external costsplitting. The cost data probably does not represent the full amount OpenAPC is interested in, article was omitted.
 (10.3389/fclim.2024.1346677): Record has been flagged for external costsplitting. The cost data probably does not represent the full amount OpenAPC is interested in, article was omitted.
 (10.1016/j.mex.2023.102506): Record has been flagged for external costsplitting. The cost data probably does not represent the full amount OpenAPC is interested in, article was omitted.
 (10.1016/j.eja.2024.127456): Record has been flagged for external costsplitting. The cost data probably does not represent the full amount OpenAPC is interested in, article was omitted.
 (10.3389/fbioe.2024.1392631): Record has been flagged for external costsplitting. The cost data probably does not represent the full amount OpenAPC is interested in, article was omitted.
 (10.1515/9783111452883): Record has been flagged for external costsplitting. The cost data probably does not represent the full amount OpenAPC is interested in, article was omitted.
 (10.3389/fpsyg.2024.1200279): Record has been flagged for external costsplitting. The cost data probably does not represent the full amount OpenAPC is interested in, article was omitted.
 (10.1103/physrevresearch.6.043161): Record has been flagged for external costsplitting. The cost data probably does not represent the full amount OpenAPC is interested in, article was omitted.
 (10.4324/9781003429340): Record has been flagged for external costsplitting. The cost data probably does not represent the full amount OpenAPC is interested in, article was omitted.
 (10.62350/rzip6202): Record has been flagged for external costsplitting. The cost data probably does not represent the full amount OpenAPC is interested in, article was omitted.
 (10.3390/ma17020463): Record has been flagged for external costsplitting. The cost data probably does not represent the full amount OpenAPC is interested in, article was omitted.
 (10.3390/en17030611): Record has been flagged for external costsplitting. The cost data probably does not represent the full amount OpenAPC is interested in, article was omitted.
 (10.3389/frobt.2024.1253466): Record has been flagged for external costsplitting. The cost data probably does not represent the full amount OpenAPC is interested in, article was omitted.
 (10.14619/2225): Record has been flagged for external costsplitting. The cost data probably does not represent the full amount OpenAPC is interested in, article was omitted.
 (10.1016/j.heliyon.2024.e33026): Record has been flagged for external costsplitting. The cost data probably does not represent the full amount OpenAPC is interested in, article was omitted.
 (10.1016/j.matdes.2024.113321): Record has been flagged for external costsplitting. The cost data probably does not represent the full amount OpenAPC is interested in, article was omitted.
 (10.3390/ijms25105376): Record has been flagged for external costsplitting. The cost data probably does not represent the full amount OpenAPC is interested in, article was omitted.
 (10.1515/9783111452319): Record has been flagged for external costsplitting. The cost data probably does not represent the full amount OpenAPC is interested in, article was omitted.
 (10.14361/9783839472767): Record has been flagged for external costsplitting. The cost data probably does not represent the full amount OpenAPC is interested in, article was omitted.
 (10.1158/2767-9764.crc-24-0024): Record has been flagged for external costsplitting. The cost data probably does not represent the full amount OpenAPC is interested in, article was omitted.
 (10.1038/s41467-024-51714-x): Record has been flagged for external costsplitting. The cost data probably does not represent the full amount OpenAPC is interested in, article was omitted.
 (10.2196/55297): Record has been flagged for external costsplitting. The cost data probably does not represent the full amount OpenAPC is interested in, article was omitted.
 (10.1162/imag_a_00066): Record has been flagged for external costsplitting. The cost data probably does not represent the full amount OpenAPC is interested in, article was omitted.
 (10.1163/9789004710894): Record has been flagged for external costsplitting. The cost data probably does not represent the full amount OpenAPC is interested in, article was omitted.
 (10.35468/6128): Record has been flagged for external costsplitting. The cost data probably does not represent the full amount OpenAPC is interested in, article was omitted.
 (10.1515/9783111347134): Record has been flagged for external costsplitting. The cost data probably does not represent the full amount OpenAPC is interested in, article was omitted.
 (10.5194/esd-15-41-2024): Record has been flagged for external costsplitting. The cost data probably does not represent the full amount OpenAPC is interested in, article was omitted.
Multiple "date_invoice" elements encountered, content differs (2024 vs 2023) -> Using the earliest date.
 (10.1515/zsr-2023-0013): Record has been flagged for external costsplitting. The cost data probably does not represent the full amount OpenAPC is interested in, article was omitted.
 (10.1007/978-3-662-70886-6): Record has been flagged for external costsplitting. The cost data probably does not represent the full amount OpenAPC is interested in, article was omitted.
 (10.31819/9783968695242): Record has been flagged for external costsplitting. The cost data probably does not represent the full amount OpenAPC is interested in, article was omitted.
 (10.3726/b20731): Record has been flagged for external costsplitting. The cost data probably does not represent the full amount OpenAPC is interested in, article was omitted.
 (10.1088/1361-648x/ad4d47): Record has been flagged for external costsplitting. The cost data probably does not represent the full amount OpenAPC is interested in, article was omitted.
 (10.3389/fpsyg.2024.1259610): Record has been flagged for external costsplitting. The cost data probably does not represent the full amount OpenAPC is interested in, article was omitted.
 (10.35468/6107): Record has been flagged for external costsplitting. The cost data probably does not represent the full amount OpenAPC is interested in, article was omitted.
 (10.31244/9783830998235): Record has been flagged for external costsplitting. The cost data probably does not represent the full amount OpenAPC is interested in, article was omitted.
Multiple "date_invoice" elements encountered, content differs (2025 vs 2024) -> Using the earliest date.
 (10.46500/83535693): Record has been flagged for external costsplitting. The cost data probably does not represent the full amount OpenAPC is interested in, article was omitted.
 (10.3390/antibiotics12111560): Record has been flagged for external costsplitting. The cost data probably does not represent the full amount OpenAPC is interested in, article was omitted.
 (10.3390/ijms25021062): Record has been flagged for external costsplitting. The cost data probably does not represent the full amount OpenAPC is interested in, article was omitted.
 (10.3389/fpsyt.2024.1235067): Record has been flagged for external costsplitting. The cost data probably does not represent the full amount OpenAPC is interested in, article was omitted.
 (10.3389/fmed.2024.1311145): Record has been flagged for external costsplitting. The cost data probably does not represent the full amount OpenAPC is interested in, article was omitted.
 (10.3389/fonc.2024.1368924): Record has been flagged for external costsplitting. The cost data probably does not represent the full amount OpenAPC is interested in, article was omitted.
 (10.3389/fcvm.2024.1430560): Record has been flagged for external costsplitting. The cost data probably does not represent the full amount OpenAPC is interested in, article was omitted.
 (10.3389/fpsyt.2024.1403718): Record has been flagged for external costsplitting. The cost data probably does not represent the full amount OpenAPC is interested in, article was omitted.
 (10.2196/49307): Record has been flagged for external costsplitting. The cost data probably does not represent the full amount OpenAPC is interested in, article was omitted.
 (10.3389/fpubh.2024.1334180): Record has been flagged for external costsplitting. The cost data probably does not represent the full amount OpenAPC is interested in, article was omitted.
 (10.1103/physrevresearch.6.043078): Record has been flagged for external costsplitting. The cost data probably does not represent the full amount OpenAPC is interested in, article was omitted.
 (10.1037/amp0001315): Record has been flagged for external costsplitting. The cost data probably does not represent the full amount OpenAPC is interested in, article was omitted.
 (10.3389/fimmu.2024.1342497): Record has been flagged for external costsplitting. The cost data probably does not represent the full amount OpenAPC is interested in, article was omitted.
 (10.3389/fnhum.2023.1280989): Record has been flagged for external costsplitting. The cost data probably does not represent the full amount OpenAPC is interested in, article was omitted.
 (10.3389/fpsyt.2024.1434670): Record has been flagged for external costsplitting. The cost data probably does not represent the full amount OpenAPC is interested in, article was omitted.
 (10.1093/nar/gkae772): Record has been flagged for external costsplitting. The cost data probably does not represent the full amount OpenAPC is interested in, article was omitted.
 (10.1038/s41589-023-01530-z): Record has been flagged for external costsplitting. The cost data probably does not represent the full amount OpenAPC is interested in, article was omitted.
 (10.1093/isq/sqad068): Record has been flagged for external costsplitting. The cost data probably does not represent the full amount OpenAPC is interested in, article was omitted.
 (10.1182/bloodadvances.2023011656): Record has been flagged for external costsplitting. The cost data probably does not represent the full amount OpenAPC is interested in, article was omitted.
 (10.1055/a-2415-8817): Record has been flagged for external costsplitting. The cost data probably does not represent the full amount OpenAPC is interested in, article was omitted.
 (10.2196/54356): Record has been flagged for external costsplitting. The cost data probably does not represent the full amount OpenAPC is interested in, article was omitted.
 (10.3390/genes15081059): Record has been flagged for external costsplitting. The cost data probably does not represent the full amount OpenAPC is interested in, article was omitted.
 (10.2147/opth.s482948): Record has been flagged for external costsplitting. The cost data probably does not represent the full amount OpenAPC is interested in, article was omitted.
 (10.1038/s42004-024-01104-7): Record has been flagged for external costsplitting. The cost data probably does not represent the full amount OpenAPC is interested in, article was omitted.
 (10.3389/feduc.2024.1365005): Record has been flagged for external costsplitting. The cost data probably does not represent the full amount OpenAPC is interested in, article was omitted.
 (10.3389/fnhum.2024.1482052): Record has been flagged for external costsplitting. The cost data probably does not represent the full amount OpenAPC is interested in, article was omitted.
 (10.1088/1361-648x/ad4d47): Record has been flagged for external costsplitting. The cost data probably does not represent the full amount OpenAPC is interested in, article was omitted.
 (10.1016/j.ssi.2024.116514): Record has been flagged for external costsplitting. The cost data probably does not represent the full amount OpenAPC is interested in, article was omitted.
 (10.1016/j.ssi.2024.116487): Record has been flagged for external costsplitting. The cost data probably does not represent the full amount OpenAPC is interested in, article was omitted.
 (10.1002/marc.202400147): Record has been flagged for external costsplitting. The cost data probably does not represent the full amount OpenAPC is interested in, article was omitted.
 (10.1038/s41467-024-45392-y): Record has been flagged for external costsplitting. The cost data probably does not represent the full amount OpenAPC is interested in, article was omitted.
 (10.3389/fbioe.2024.1392631): Record has been flagged for external costsplitting. The cost data probably does not represent the full amount OpenAPC is interested in, article was omitted.
 (10.1038/s41419-024-06681-y): Record has been flagged for external costsplitting. The cost data probably does not represent the full amount OpenAPC is interested in, article was omitted.
 (10.3389/fonc.2024.1368924): Record has been flagged for external costsplitting. The cost data probably does not represent the full amount OpenAPC is interested in, article was omitted.
 (10.14361/9783839466872): Record has been flagged for external costsplitting. The cost data probably does not represent the full amount OpenAPC is interested in, article was omitted.
 (10.5771/9783495992203): Record has been flagged for external costsplitting. The cost data probably does not represent the full amount OpenAPC is interested in, article was omitted.
 (10.1109/access.2024.3487298): Record has been flagged for external costsplitting. The cost data probably does not represent the full amount OpenAPC is interested in, article was omitted.
 (10.3224/84743099): Record has been flagged for external costsplitting. The cost data probably does not represent the full amount OpenAPC is interested in, article was omitted.
 (10.15488/16621): Record has been flagged for external costsplitting. The cost data probably does not represent the full amount OpenAPC is interested in, article was omitted.
 (10.1103/physrevresearch.6.l032028): Record has been flagged for external costsplitting. The cost data probably does not represent the full amount OpenAPC is interested in, article was omitted.
 (10.3389/fimmu.2024.1323049): Record has been flagged for external costsplitting. The cost data probably does not represent the full amount OpenAPC is interested in, article was omitted.
 (10.1515/9783110690279): Record has been flagged for external costsplitting. The cost data probably does not represent the full amount OpenAPC is interested in, article was omitted.
 (10.1515/9783111547619): Record has been flagged for external costsplitting. The cost data probably does not represent the full amount OpenAPC is interested in, article was omitted.
 (10.1113/ep091776): Record has been flagged for external costsplitting. The cost data probably does not represent the full amount OpenAPC is interested in, article was omitted.
 (10.1016/j.virusres.2024.199404): Record has been flagged for external costsplitting. The cost data probably does not represent the full amount OpenAPC is interested in, article was omitted.
 (10.3390/plants13172501): Record has been flagged for external costsplitting. The cost data probably does not represent the full amount OpenAPC is interested in, article was omitted.
 (10.1001/jamanetworkopen.2024.23933): Record has been flagged for external costsplitting. The cost data probably does not represent the full amount OpenAPC is interested in, article was omitted.
 (10.3389/fpsyg.2024.1455825): Record has been flagged for external costsplitting. The cost data probably does not represent the full amount OpenAPC is interested in, article was omitted.
 (10.3389/fgene.2023.1323052): Record has been flagged for external costsplitting. The cost data probably does not represent the full amount OpenAPC is interested in, article was omitted.
 (10.7554/elife.93256): Record has been flagged for external costsplitting. The cost data probably does not represent the full amount OpenAPC is interested in, article was omitted.
 (10.3224/84743099): Record has been flagged for external costsplitting. The cost data probably does not represent the full amount OpenAPC is interested in, article was omitted.
 (10.1515/9783111561387): Record has been flagged for external costsplitting. The cost data probably does not represent the full amount OpenAPC is interested in, article was omitted.
 (10.12907/978-3-593-45937-0): Record has been flagged for external costsplitting. The cost data probably does not represent the full amount OpenAPC is interested in, article was omitted.
 (10.22029/jlupub-18484): Record has been flagged for external costsplitting. The cost data probably does not represent the full amount OpenAPC is interested in, article was omitted.
 (10.3278/9783763977352): Record has been flagged for external costsplitting. The cost data probably does not represent the full amount OpenAPC is interested in, article was omitted.
 (10.4324/9781003427469): Record has been flagged for external costsplitting. The cost data probably does not represent the full amount OpenAPC is interested in, article was omitted.
 (10.25162/9783515136792): Record has been flagged for external costsplitting. The cost data probably does not represent the full amount OpenAPC is interested in, article was omitted.
 (10.14361/9783839471517): Record has been flagged for external costsplitting. The cost data probably does not represent the full amount OpenAPC is interested in, article was omitted.
 (10.1016/j.egyai.2024.100401): Record has been flagged for external costsplitting. The cost data probably does not represent the full amount OpenAPC is interested in, article was omitted.
 (10.1121/10.0028201): Record has been flagged for external costsplitting. The cost data probably does not represent the full amount OpenAPC is interested in, article was omitted.
 (10.1038/s41598-023-46505-1): Record has been flagged for external costsplitting. The cost data probably does not represent the full amount OpenAPC is interested in, article was omitted.
 (10.1177/20592043241288335): Record has been flagged for external costsplitting. The cost data probably does not represent the full amount OpenAPC is interested in, article was omitted.
 (10.1093/poq/nfad060): Record has been flagged for external costsplitting. The cost data probably does not represent the full amount OpenAPC is interested in, article was omitted.
 (10.5334/dsj-2024-039): Record has been flagged for external costsplitting. The cost data probably does not represent the full amount OpenAPC is interested in, article was omitted.
Multiple "date_invoice" elements encountered, content differs (2024 vs 2025) -> Using the earliest date.
 (10.1109/access.2024.3507193): Record has been flagged for external costsplitting. The cost data probably does not represent the full amount OpenAPC is interested in, article was omitted.
 (10.1109/jphot.2024.3430029): Record has been flagged for external costsplitting. The cost data probably does not represent the full amount OpenAPC is interested in, article was omitted.
 (10.1109/jstars.2024.3350385): Record has been flagged for external costsplitting. The cost data probably does not represent the full amount OpenAPC is interested in, article was omitted.
 (10.1109/jstars.2024.3435081): Record has been flagged for external costsplitting. The cost data probably does not represent the full amount OpenAPC is interested in, article was omitted.
 (10.1109/jstars.2024.3455549): Record has been flagged for external costsplitting. The cost data probably does not represent the full amount OpenAPC is interested in, article was omitted.
 (10.1109/ojemb.2024.3420231): Record has been flagged for external costsplitting. The cost data probably does not represent the full amount OpenAPC is interested in, article was omitted.
 (10.1109/ojies.2024.3423405): Record has been flagged for external costsplitting. The cost data probably does not represent the full amount OpenAPC is interested in, article was omitted.
 (10.1109/ojies.2024.3486560): Record has been flagged for external costsplitting. The cost data probably does not represent the full amount OpenAPC is interested in, article was omitted.
 (10.1109/ted.2024.3370536): Record has been flagged for external costsplitting. The cost data probably does not represent the full amount OpenAPC is interested in, article was omitted.
 (10.1109/ted.2024.3461676): Record has been flagged for external costsplitting. The cost data probably does not represent the full amount OpenAPC is interested in, article was omitted.
 (10.1109/tqe.2024.3445967): Record has been flagged for external costsplitting. The cost data probably does not represent the full amount OpenAPC is interested in, article was omitted.
 (10.1162/imag_a_00077): Record has been flagged for external costsplitting. The cost data probably does not represent the full amount OpenAPC is interested in, article was omitted.
 (10.1162/imag_a_00109): Record has been flagged for external costsplitting. The cost data probably does not represent the full amount OpenAPC is interested in, article was omitted.
 (10.1162/imag_a_00137): Record has been flagged for external costsplitting. The cost data probably does not represent the full amount OpenAPC is interested in, article was omitted.
 (10.1162/imag_a_00295): Record has been flagged for external costsplitting. The cost data probably does not represent the full amount OpenAPC is interested in, article was omitted.
 (10.1162/imag_a_00351): Record has been flagged for external costsplitting. The cost data probably does not represent the full amount OpenAPC is interested in, article was omitted.
 (10.1162/imag_a_00358): Record has been flagged for external costsplitting. The cost data probably does not represent the full amount OpenAPC is interested in, article was omitted.
 (10.1162/netn_a_00406): Record has been flagged for external costsplitting. The cost data probably does not represent the full amount OpenAPC is interested in, article was omitted.
 (10.3389/fbioe.2024.1478198): Record has been flagged for external costsplitting. The cost data probably does not represent the full amount OpenAPC is interested in, article was omitted.
 (10.3389/fenrg.2024.1379576): Record has been flagged for external costsplitting. The cost data probably does not represent the full amount OpenAPC is interested in, article was omitted.
 (10.3389/fenrg.2024.1393914): Record has been flagged for external costsplitting. The cost data probably does not represent the full amount OpenAPC is interested in, article was omitted.
 (10.3389/fhpcp.2024.1444337): Record has been flagged for external costsplitting. The cost data probably does not represent the full amount OpenAPC is interested in, article was omitted.
 (10.3389/fmats.2024.1440608): Record has been flagged for external costsplitting. The cost data probably does not represent the full amount OpenAPC is interested in, article was omitted.
 (10.3389/fnhum.2024.1461417): Record has been flagged for external costsplitting. The cost data probably does not represent the full amount OpenAPC is interested in, article was omitted.
 (10.3389/fnimg.2024.1339244): Record has been flagged for external costsplitting. The cost data probably does not represent the full amount OpenAPC is interested in, article was omitted.
 (10.3389/fnins.2023.1295151): Record has been flagged for external costsplitting. The cost data probably does not represent the full amount OpenAPC is interested in, article was omitted.
 (10.3389/fnins.2024.1286130): Record has been flagged for external costsplitting. The cost data probably does not represent the full amount OpenAPC is interested in, article was omitted.
 (10.3389/fnins.2024.1371103): Record has been flagged for external costsplitting. The cost data probably does not represent the full amount OpenAPC is interested in, article was omitted.
 (10.3389/fnume.2024.1332747): Record has been flagged for external costsplitting. The cost data probably does not represent the full amount OpenAPC is interested in, article was omitted.
 (10.3389/fphy.2024.1349529): Record has been flagged for external costsplitting. The cost data probably does not represent the full amount OpenAPC is interested in, article was omitted.
 (10.3389/fphy.2024.1354870): Record has been flagged for external costsplitting. The cost data probably does not represent the full amount OpenAPC is interested in, article was omitted.
 (10.3389/fphy.2024.1393130): Record has been flagged for external costsplitting. The cost data probably does not represent the full amount OpenAPC is interested in, article was omitted.
 (10.3389/fpls.2023.1304751): Record has been flagged for external costsplitting. The cost data probably does not represent the full amount OpenAPC is interested in, article was omitted.
 (10.3389/fpsyg.2024.1295279): Record has been flagged for external costsplitting. The cost data probably does not represent the full amount OpenAPC is interested in, article was omitted.
 (10.3389/fpsyg.2024.1328853): Record has been flagged for external costsplitting. The cost data probably does not represent the full amount OpenAPC is interested in, article was omitted.
 (10.3389/fpsyt.2024.1288674): Record has been flagged for external costsplitting. The cost data probably does not represent the full amount OpenAPC is interested in, article was omitted.
 (10.3389/fpsyt.2024.1293514): Record has been flagged for external costsplitting. The cost data probably does not represent the full amount OpenAPC is interested in, article was omitted.
 (10.3389/frai.2024.1416323): Record has been flagged for external costsplitting. The cost data probably does not represent the full amount OpenAPC is interested in, article was omitted.
 (10.3389/frsen.2024.1480101): Record has been flagged for external costsplitting. The cost data probably does not represent the full amount OpenAPC is interested in, article was omitted.
 (10.3389/frwa.2024.1439906): Record has been flagged for external costsplitting. The cost data probably does not represent the full amount OpenAPC is interested in, article was omitted.
 (10.3390/agronomy14030408): Record has been flagged for external costsplitting. The cost data probably does not represent the full amount OpenAPC is interested in, article was omitted.
 (10.3390/app14052211): Record has been flagged for external costsplitting. The cost data probably does not represent the full amount OpenAPC is interested in, article was omitted.
 (10.3390/bios14060290): Record has been flagged for external costsplitting. The cost data probably does not represent the full amount OpenAPC is interested in, article was omitted.
 (10.3390/catal14010077): Record has been flagged for external costsplitting. The cost data probably does not represent the full amount OpenAPC is interested in, article was omitted.
 (10.3390/coatings14070793): Record has been flagged for external costsplitting. The cost data probably does not represent the full amount OpenAPC is interested in, article was omitted.
 (10.3390/coatings14121566): Record has been flagged for external costsplitting. The cost data probably does not represent the full amount OpenAPC is interested in, article was omitted.
 (10.3390/en17133298): Record has been flagged for external costsplitting. The cost data probably does not represent the full amount OpenAPC is interested in, article was omitted.
 (10.3390/en17184720): Record has been flagged for external costsplitting. The cost data probably does not represent the full amount OpenAPC is interested in, article was omitted.
 (10.3390/ijms25094966): Record has been flagged for external costsplitting. The cost data probably does not represent the full amount OpenAPC is interested in, article was omitted.
 (10.3390/ijms25168617): Record has been flagged for external costsplitting. The cost data probably does not represent the full amount OpenAPC is interested in, article was omitted.
 (10.3390/ma17235749): Record has been flagged for external costsplitting. The cost data probably does not represent the full amount OpenAPC is interested in, article was omitted.
 (10.3390/membranes14100219): Record has been flagged for external costsplitting. The cost data probably does not represent the full amount OpenAPC is interested in, article was omitted.
 (10.3390/met14091092): Record has been flagged for external costsplitting. The cost data probably does not represent the full amount OpenAPC is interested in, article was omitted.
 (10.3390/molecules29163939): Record has been flagged for external costsplitting. The cost data probably does not represent the full amount OpenAPC is interested in, article was omitted.
 (10.3390/nano14030254): Record has been flagged for external costsplitting. The cost data probably does not represent the full amount OpenAPC is interested in, article was omitted.
 (10.3390/nano14231944): Record has been flagged for external costsplitting. The cost data probably does not represent the full amount OpenAPC is interested in, article was omitted.
 (10.3390/rs16193569): Record has been flagged for external costsplitting. The cost data probably does not represent the full amount OpenAPC is interested in, article was omitted.
 (10.3390/s24144478): Record has been flagged for external costsplitting. The cost data probably does not represent the full amount OpenAPC is interested in, article was omitted.
 (10.3791/67088): Record has been flagged for external costsplitting. The cost data probably does not represent the full amount OpenAPC is interested in, article was omitted.
 (10.3847/1538-4357/ad1bef): Record has been flagged for external costsplitting. The cost data probably does not represent the full amount OpenAPC is interested in, article was omitted.
 (10.3847/2041-8213/ad63a6): Record has been flagged for external costsplitting. The cost data probably does not represent the full amount OpenAPC is interested in, article was omitted.
 (10.46471/gigabyte.113): Record has been flagged for external costsplitting. The cost data probably does not represent the full amount OpenAPC is interested in, article was omitted.
 (10.5771/9783748919803): Record has been flagged for external costsplitting. The cost data probably does not represent the full amount OpenAPC is interested in, article was omitted.
 (10.26530/20.500.12657/104475): Record has been flagged for external costsplitting. The cost data probably does not represent the full amount OpenAPC is interested in, article was omitted.
 (10.1515/9783111478470): Record has been flagged for external costsplitting. The cost data probably does not represent the full amount OpenAPC is interested in, article was omitted.
 (10.1007/978-3-658-44449-5): Record has been flagged for external costsplitting. The cost data probably does not represent the full amount OpenAPC is interested in, article was omitted.
Multiple "date_invoice" elements encountered, content differs (2025 vs 2024) -> Using the earliest date.
 (10.1055/s-0043-1775398): Record has been flagged for external costsplitting. The cost data probably does not represent the full amount OpenAPC is interested in, article was omitted.
 (10.3390/nano13222930): Record has been flagged for external costsplitting. The cost data probably does not represent the full amount OpenAPC is interested in, article was omitted.
 (10.5194/se-15-989-2024): Record has been flagged for external costsplitting. The cost data probably does not represent the full amount OpenAPC is interested in, article was omitted.
 (10.1029/2023jf007164): Record has been flagged for external costsplitting. The cost data probably does not represent the full amount OpenAPC is interested in, article was omitted.
 (10.3389/frmbi.2023.1329925): Record has been flagged for external costsplitting. The cost data probably does not represent the full amount OpenAPC is interested in, article was omitted.
 (10.3390/jof10010020): Record has been flagged for external costsplitting. The cost data probably does not represent the full amount OpenAPC is interested in, article was omitted.
 (10.1093/molbev/msae092): Record has been flagged for external costsplitting. The cost data probably does not represent the full amount OpenAPC is interested in, article was omitted.
Multiple "date_invoice" elements encountered, content differs (2023 vs 2024) -> Using the earliest date.
 (10.1038/s44319-024-00130-9): Record has been flagged for external costsplitting. The cost data probably does not represent the full amount OpenAPC is interested in, article was omitted.
 (10.1093/molbev/msae092): Record has been flagged for external costsplitting. The cost data probably does not represent the full amount OpenAPC is interested in, article was omitted.
 (10.1093/nar/gkae772): Record has been flagged for external costsplitting. The cost data probably does not represent the full amount OpenAPC is interested in, article was omitted.
Multiple "date_invoice" elements encountered, content differs (2024 vs 2023) -> Using the earliest date.
 (10.1152/ajpheart.00590.2023): Record has been flagged for external costsplitting. The cost data probably does not represent the full amount OpenAPC is interested in, article was omitted.
 (10.1515/9783111013435): Record has been flagged for external costsplitting. The cost data probably does not represent the full amount OpenAPC is interested in, article was omitted.
 (10.36167/ml123pdf): Record has been flagged for external costsplitting. The cost data probably does not represent the full amount OpenAPC is interested in, article was omitted.
Skipped a record (not linked to a contract) which was no journal article (Bielefeld U, 2024, 2196.81€, 10.7554/elife.99140, FALSE, preprint, NA))
Skipped a record (not linked to a contract) which was no journal article (Bielefeld U, 2024, 2380.0€, 10.1108/s0733-558x20240000090003, FALSE, book part, NA))
Skipped a record (not linked to a contract) which had no publication level costs (Dortmund TU, 2024, NA€, 10.1109/jlt.2024.3508263, NA, journal article, NA))
Skipped a record (not linked to a contract) which had no publication level costs (Leibniz-DPZ, 2024, NA€, 10.1016/j.cell.2023.12.025, NA, journal article, NA))
Skipped a record (not linked to a contract) which had no publication level costs (Leibniz-DPZ, 2024, NA€, 10.1016/j.neuron.2024.09.018, NA, journal article, NA))
Skipped a record (not linked to a contract) which had no publication level costs (Leibniz-DPZ, 2024, NA€, 10.1128/jvi.01305-24, NA, journal article, NA))
Skipped a record (not linked to a contract) which had no publication level costs (Leibniz-DPZ, 2024, NA€, 10.1016/j.cub.2024.10.058, NA, journal article, NA))
Skipped a record (not linked to a contract) which was no journal article (HS Anhalt, 2024, 572.84€, 10.34190/ecie.19.1.2468, FALSE, conference proceedings, NA))
Skipped a record (not linked to a contract) which was no journal article (HS Anhalt, 2024, 738.04€, 10.1145/3613904.203641940, FALSE, conference proceedings, NA))
Skipped a record (not linked to a contract) which was no journal article (HS Anhalt, 2024, 250.0€, 10.25673/115635, FALSE, conference proceedings, NA))
Skipped a record (not linked to a contract) which was no journal article (HS Anhalt, 2024, 348.29€, 10.25673/115703, FALSE, conference proceedings, NA))
Skipped a record (not linked to a contract) which was no journal article (HS Anhalt, 2024, 150.0€, 10.25673/118105.2, FALSE, conference proceedings, NA))
Skipped a record (not linked to a contract) which was no journal article (HS Anhalt, 2024, 240.0€, 10.25673/118112, FALSE, conference proceedings, NA))
Skipped a record (not linked to a contract) which was no journal article (HS Anhalt, 2024, 100.0€, 10.25673/115637, FALSE, conference proceedings, NA))
Skipped a record (not linked to a contract) which was no journal article (HS Anhalt, 2024, 150.0€, 10.25673/118132, FALSE, conference proceedings, NA))
Skipped a record (not linked to a contract) which was no journal article (HS Anhalt, 2024, 240.0€, 10.25673/118124, FALSE, conference proceedings, NA))
Skipped a record (not linked to a contract) which was no journal article (HS Anhalt, 2024, 200.0€, 10.25673/115645, FALSE, conference proceedings, NA))
Skipped a record (not linked to a contract) which was no journal article (HS Anhalt, 2024, 200.0€, 10.25673/115706, FALSE, conference proceedings, NA))
Skipped a record (not linked to a contract) which was no journal article (HS Anhalt, 2024, 100.0€, 10.25673/115639, FALSE, conference proceedings, NA))
Skipped a record (not linked to a contract) which was no journal article (HS Anhalt, 2024, 200.0€, 10.25673/115668, FALSE, conference proceedings, NA))
Skipped a record (not linked to a contract) which was no journal article (HS Anhalt, 2024, 2725.1€, 10.1007/978-3-031-63787-2_6, FALSE, conference proceedings, NA))
Skipped a record (not linked to a contract) which was no journal article (HS Anhalt, 2024, 180.0€, 10.25673/118139, FALSE, conference proceedings, NA))
Skipped a record (not linked to a contract) which was no journal article (HS Anhalt, 2024, 270.0€, 10.25673/118114, FALSE, conference proceedings, NA))
Skipped a record (not linked to a contract) which was no journal article (HS Anhalt, 2024, 813.96€, 10.1007/978-3-031-74630-7_1, FALSE, conference proceedings, NA))
Skipped a record (not linked to a contract) which had no publication level costs (Leibniz-BIPS, 2024, NA€, 10.1093/ageing/afae041, NA, journal article, NA))
Skipped a record (not linked to a contract) which had no publication level costs (Leibniz-BIPS, 2024, NA€, 10.1093/aje/kwae028, NA, journal article, NA))
Skipped a record (not linked to a contract) which had no publication level costs (Koeln U, 2024, NA€, 10.1364/prj.522018, NA, journal article, NA))
Skipped a record (not linked to a contract) which was no journal article (Koeln U, 2024, 2470.25€, 10.7554/elife.104535, FALSE, preprint, NA))
Skipped a record (not linked to a contract) which was no journal article (Leibniz-IÖR, 2024, NA€, 10.14627/537752042, NA, conference proceedings, NA))
Skipped a record (not linked to a contract) which was no journal article (Mannheim U, 2023, 533.45€, 10.1007/978-3-031-46452-2_5, FALSE, book part, NA))
Skipped a record (not linked to a contract) which was no journal article (Hans-Bredow-Institute, 2024, 2011.0€, 10.4337/9781800887206.00030, TRUE, book part, NA))
Skipped a record (not linked to a contract) which had no publication level costs (TU Berlin, 2023, NA€, 10.1038/s41586-023-06646-9, NA, journal article, NA))
Skipped a record (linked to a contract) which had no valid cost type combination. Cost type must be either "hybrid-oa", "gold-oa" or "publication charge" (with a value of 0) (10.1002/aocs.12815)
Skipped a record (not linked to a contract) which had no publication level costs (GSI, 2024, NA€, 10.1667/rade-23-00074.1, NA, journal article, NA))
Skipped a record (not linked to a contract) which had no publication level costs (HS Reutlingen, 2024, NA€, 10.2528/pierm23070304, NA, journal article, NA))
Skipped a record (not linked to a contract) which had no publication level costs (HS Reutlingen, 2024, NA€, 10.2528/pierb24092404, NA, journal article, NA))
Skipped a record (not linked to a contract) which had no publication level costs (Medizinische Hochschule Hannover, 2024, NA€, 10.29011/2574-7754.101669, NA, journal article, NA))
Skipped a record (not linked to a contract) which was no journal article (Leibniz-ZALF, 2024, 619.79€, 10.19103/as.2025.0154.20, TRUE, book part, NA))
Skipped a record (not linked to a contract) which had no publication level costs (Greifswald U, 2024, NA€, 10.1681/asn.0000000000000235, NA, journal article, NA))
Skipped a record (not linked to a contract) which had no publication level costs (Greifswald U, 2024, NA€, 10.1182/blood.2023022136, NA, journal article, NA))
Skipped a record (not linked to a contract) which had no publication level costs (Greifswald U, 2024, NA€, 10.1152/ajprenal.00116.2024, NA, journal article, NA))
Skipped a record (not linked to a contract) which had no publication level costs (Greifswald U, 2024, NA€, 10.1161/hypertensionaha.123.21834, NA, journal article, NA))
Skipped a record (not linked to a contract) which had no publication level costs (Stuttgart U, 2024, NA€, 10.1109/tc.2023.3337319, NA, journal article, NA))
Skipped a record (not linked to a contract) which had no publication level costs (Stuttgart U, 2024, NA€, 10.1109/tcns.2023.3285863, NA, journal article, NA))
Skipped a record (not linked to a contract) which had no publication level costs (Stuttgart U, 2024, NA€, 10.1364/jocn.510726, NA, journal article, NA))
Skipped a record (not linked to a contract) which had no publication level costs (Stuttgart U, 2024, NA€, 10.1109/tbme.2024.3359854, NA, journal article, NA))
Skipped a record (not linked to a contract) which had no publication level costs (Stuttgart U, 2024, NA€, 10.1021/acsaem.3c02854, NA, journal article, NA))
Skipped a record (not linked to a contract) which had no publication level costs (Stuttgart U, 2024, NA€, 10.1021/acsenergylett.3c02777, NA, journal article, NA))
Skipped a record (not linked to a contract) which had no publication level costs (Stuttgart U, 2024, NA€, 10.1109/jssc.2024.3350995, NA, journal article, NA))
Skipped a record (not linked to a contract) which was no journal article (Stuttgart U, 2024, 800.2€, 10.1145/3613904.3642657, TRUE, conference proceedings, NA))
Skipped a record (not linked to a contract) which was no journal article (Stuttgart U, 2024, 883.5€, 10.1145/3613904.3642143, TRUE, conference proceedings, NA))
Skipped a record (not linked to a contract) which had no publication level costs (Stuttgart U, 2024, NA€, 10.1109/tac.2024.3362859, NA, journal article, NA))
Skipped a record (not linked to a contract) which had no publication level costs (Stuttgart U, 2024, NA€, 10.1109/taslp.2024.3393718, NA, journal article, NA))
Skipped a record (not linked to a contract) which had no publication level costs (Stuttgart U, 2024, NA€, 10.1021/acsphotonics.4c00538, NA, journal article, NA))
Skipped a record (not linked to a contract) which had no publication level costs (Stuttgart U, 2024, NA€, 10.1021/acsbiomaterials.4c00417, NA, journal article, NA))
Skipped a record (not linked to a contract) which had no publication level costs (Stuttgart U, 2024, NA€, 10.1109/tcsi.2024.3397460, NA, journal article, NA))
Skipped a record (not linked to a contract) which had no publication level costs (Stuttgart U, 2024, NA€, 10.1109/tac.2024.3407633, NA, journal article, NA))
Skipped a record (not linked to a contract) which had no publication level costs (Stuttgart U, 2024, NA€, 10.1109/jlt.2024.3404244, NA, journal article, NA))
Skipped a record (not linked to a contract) which had no publication level costs (Stuttgart U, 2024, NA€, 10.1021/acs.nanolett.4c02162, NA, journal article, NA))
Skipped a record (not linked to a contract) which had no publication level costs (Stuttgart U, 2024, NA€, 10.1021/acs.jcim.4c00462, NA, journal article, NA))
Skipped a record (not linked to a contract) which had no publication level costs (Stuttgart U, 2024, NA€, 10.1109/tac.2024.3425770, NA, journal article, NA))
Skipped a record (not linked to a contract) which had no publication level costs (Stuttgart U, 2024, NA€, 10.1021/acs.chemmater.4c01789, NA, journal article, NA))
Skipped a record (not linked to a contract) which had no publication level costs (Stuttgart U, 2024, NA€, 10.1109/tvcg.2024.3493607, NA, journal article, NA))
Skipped a record (not linked to a contract) which had no publication level costs (Stuttgart U, 2024, NA€, 10.1109/tac.2024.3430088, NA, journal article, NA))
Skipped a record (not linked to a contract) which had no publication level costs (Stuttgart U, 2024, NA€, 10.1109/tcomm.2024.3432688, NA, journal article, NA))
Skipped a record (not linked to a contract) which was no journal article (Stuttgart U, 2024, NA€, 10.1021/acsphotonics.4c01359, NA, other, NA))
Skipped a record (not linked to a contract) which was no journal article (Universität Erfurt, 2024, 2134.32€, 10.4337/9781035330690.00016, TRUE, book part, NA))
Skipped a record (not linked to a contract) which had no publication level costs (Heidelberg U, 2024, NA€, 10.1097/js9.0000000000002081, NA, journal article, NA))
Skipped a record (not linked to a contract) which had no publication level costs (Heidelberg U, 2024, NA€, 10.1109/tcsi.2024.3426926, NA, journal article, NA))
Skipped a record (not linked to a contract) which was no journal article (Heidelberg U, 2024, 992.13€, 10.1145/3648115.3648117, TRUE, conference proceedings, NA))
Skipped a record (not linked to a contract) which was no journal article (Siegen U, 2024, 770.87€, 10.1145/3613904.3642362, TRUE, conference proceedings, NA))
Skipped a record (not linked to a contract) which was no journal article (Siegen U, 2024, 5497.8€, 10.28937/978-3-7873-4931-9, FALSE, other, NA))
Skipped a record (not linked to a contract) which was no journal article (Siegen U, 2024, 250.0€, 10.35468/6103, FALSE, other, NA))
Skipped a record (not linked to a contract) which was no journal article (Siegen U, 2024, 1000.0€, 10.35468/jfad-12-2024, FALSE, other, NA))
Skipped a record (not linked to a contract) which had no publication level costs (Siegen U, 2024, NA€, 10.1109/tiv.2024.3414860, NA, journal article, NA))
Skipped a record (not linked to a contract) which was no journal article (Siegen U, 2024, 1937.25€, 10.5772/intechopen.1006548, TRUE, book part, NA))
Skipped a record (not linked to a contract) which had no publication level costs (Siegen U, 2024, NA€, 10.1109/jestpe.2024.3437739, NA, journal article, NA))
Skipped a record (not linked to a contract) which had no publication level costs (PIK-Potsdam, 2024, NA€, 10.1016/j.ecolecon.2025.108546, NA, journal article, NA))
Skipped a record (not linked to a contract) which had no publication level costs (PIK-Potsdam, 2024, NA€, 10.1126/science.adl6547, NA, journal article, NA))
Skipped a record (not linked to a contract) which had no publication level costs (PIK-Potsdam, 2024, NA€, 10.1175/jcli-d-23-0055.1, NA, journal article, NA))
Skipped a record (not linked to a contract) which had no publication level costs (PIK-Potsdam, 2024, NA€, 10.1175/jcli-d-23-0308.1, NA, journal article, NA))
Skipped a record (not linked to a contract) which had no publication level costs (PIK-Potsdam, 2024, NA€, 10.1073/pnas.2411419121, NA, journal article, NA))
Skipped a record (not linked to a contract) which had no publication level costs (PIK-Potsdam, 2024, NA€, 10.1073/pnas.2309372121, NA, journal article, NA))
Skipped a record (not linked to a contract) which had no publication level costs (Trier U, 2024, NA€, 10.2139/ssrn.5015365, NA, journal article, NA))
Skipped a record (not linked to a contract) which had no publication level costs (Trier U, 2024, NA€, 10.2139/ssrn.4320865, NA, journal article, NA))
Skipped a record (not linked to a contract) which had no publication level costs (Trier U, 2023, NA€, 10.2139/ssrn.4538025, NA, journal article, NA))
Skipped a record (not linked to a contract) which had no publication level costs (Trier U, 2024, NA€, 10.1109/tvcg.2024.3418009, NA, journal article, NA))
Skipped a record (not linked to a contract) which had no publication level costs (Konstanz U, 2024, NA€, 10.1103/physrevlett.133.048301, NA, journal article, NA))
Skipped a record (not linked to a contract) which was no journal article (Konstanz U, 2024, NA€, 10.5061/dryad.0gb5mkm5w, NA, dataset, NA))
Skipped a record (not linked to a contract) which was no journal article (Osnabrück U, 2024, NA€, 10.13109/hikm.2024.15.issue-1, NA, other, NA))
Skipped a record (not linked to a contract) which had no publication level costs (Osnabrück U, 2024, NA€, 10.48439/perspektiven.1-2024.v0, NA, journal article, NA))
Skipped a record (not linked to a contract) which was no journal article (Osnabrück U, 2024, 1972.65€, 10.5772/intechopen.1006198, FALSE, book part, NA))
Skipped a record (not linked to a contract) which was no journal article (Osnabrück U, 2024, NA€, 10.13109/hikm.2024.15.issue-2, NA, other, NA))
Skipped a record (not linked to a contract) which had no publication level costs (Charité - Universitätsmedizin Berlin, 2024, NA€, 10.1093/ejendo/lvae093, NA, journal article, NA))
Skipped a record (not linked to a contract) which had no publication level costs (Charité - Universitätsmedizin Berlin, 2025, NA€, 10.1093/neuonc/noae269, NA, journal article, NA))
Skipped a record (not linked to a contract) which had no publication level costs (Charité - Universitätsmedizin Berlin, 2025, NA€, 10.2215/cjn.0000000625, NA, journal article, NA))
Skipped a record (not linked to a contract) which had no publication level costs (Charité - Universitätsmedizin Berlin, 2025, NA€, 10.1097/rlu.0000000000005479, NA, journal article, NA))
Skipped a record (not linked to a contract) which had no publication level costs (Charité - Universitätsmedizin Berlin, 2025, NA€, 10.1097/shk.0000000000002482, NA, journal article, NA))
Skipped a record (not linked to a contract) which had no publication level costs (Charité - Universitätsmedizin Berlin, 2024, NA€, 10.2196/49307, NA, journal article, NA))
Skipped a record (not linked to a contract) which had no publication level costs (DESY, 2024, NA€, 10.1039/d3cp05063g, NA, journal article, NA))
Skipped a record (not linked to a contract) which had no publication level costs (DESY, 2024, NA€, 10.1126/science.ado7049, NA, journal article, NA))
Skipped a record (not linked to a contract) which had no publication level costs (UFZ, 2024, NA€, 10.1002/jemt.24422, NA, journal article, NA))
Skipped a record (not linked to a contract) which had no publication level costs (UFZ, 2024, NA€, 10.1017/eds.2024.2, NA, journal article, NA))
Skipped a record (not linked to a contract) which had no publication level costs (UFZ, 2024, NA€, 10.1190/geo2022-0625.1, NA, journal article, NA))
Skipped a record (not linked to a contract) which was no journal article (Erlangen Nuernberg U, 2024, 756.51€, 10.21203/rs.3.rs-2487695/v1, FALSE, preprint, NA))
Skipped a record (not linked to a contract) which had no publication level costs (Tuebingen U, 2024, NA€, 10.1007/s00262-024-03766-7, NA, journal article, NA))
Skipped a record (not linked to a contract) which had no publication level costs (Tuebingen U, 2025, NA€, 10.1111/pbi.14531, NA, journal article, NA))
Skipped a record (not linked to a contract) which had no publication level costs (Tuebingen U, 2024, NA€, 10.1002/ar.25371, NA, journal article, NA))
Skipped a record (not linked to a contract) which had no publication level costs (Tuebingen U, 2024, NA€, 10.1002/ejic.202300713, NA, journal article, NA))
Skipped a record (not linked to a contract) which had no publication level costs (Tuebingen U, 2024, NA€, 10.1002/evan.22018, NA, journal article, NA))
Skipped a record (not linked to a contract) which had no publication level costs (Tuebingen U, 2024, NA€, 10.1002/jimd.12706, NA, journal article, NA))
Skipped a record (not linked to a contract) which had no publication level costs (Tuebingen U, 2024, NA€, 10.1002/pbc.30859, NA, journal article, NA))
Skipped a record (not linked to a contract) which had no publication level costs (Tuebingen U, 2024, NA€, 10.1002/rhc3.12287, NA, journal article, NA))
Skipped a record (not linked to a contract) which had no publication level costs (Tuebingen U, 2024, NA€, 10.1007/s00345-024-05182-z, NA, journal article, NA))
Skipped a record (not linked to a contract) which had no publication level costs (Tuebingen U, 2024, NA€, 10.1007/s00383-024-05659-3, NA, journal article, NA))
Skipped a record (not linked to a contract) which had no publication level costs (Tuebingen U, 2024, NA€, 10.1007/s00415-024-12229-z, NA, journal article, NA))
Skipped a record (not linked to a contract) which had no publication level costs (Tuebingen U, 2024, NA€, 10.1007/s00481-024-00817-6, NA, journal article, NA))
Skipped a record (not linked to a contract) which had no publication level costs (Tuebingen U, 2024, NA€, 10.1007/s00701-024-06313-6, NA, journal article, NA))
Skipped a record (not linked to a contract) which had no publication level costs (Tuebingen U, 2024, NA€, 10.1007/s10309-024-00689-2, NA, journal article, NA))
Skipped a record (not linked to a contract) which had no publication level costs (Tuebingen U, 2024, NA€, 10.1007/s10334-024-01179-2, NA, journal article, NA))
Skipped a record (not linked to a contract) which had no publication level costs (Tuebingen U, 2024, NA€, 10.1007/s10357-024-4409-9, NA, journal article, NA))
Skipped a record (not linked to a contract) which had no publication level costs (Tuebingen U, 2024, NA€, 10.1007/s10554-024-03222-8, NA, journal article, NA))
Skipped a record (not linked to a contract) which had no publication level costs (Tuebingen U, 2024, NA€, 10.1007/s13304-024-01933-0, NA, journal article, NA))
Skipped a record (not linked to a contract) which had no publication level costs (Tuebingen U, 2024, NA€, 10.1038/s41409-024-02365-5, NA, journal article, NA))
Skipped a record (not linked to a contract) which had no publication level costs (Tuebingen U, 2024, NA€, 10.1057/s42738-024-00119-1, NA, journal article, NA))
Skipped a record (not linked to a contract) which had no publication level costs (Tuebingen U, 2024, NA€, 10.1096/fj.202301995r, NA, journal article, NA))
Skipped a record (not linked to a contract) which had no publication level costs (Tuebingen U, 2024, NA€, 10.1111/caje.12708, NA, journal article, NA))
Skipped a record (not linked to a contract) which had no publication level costs (Tuebingen U, 2024, NA€, 10.1111/cogs.13404, NA, journal article, NA))
Skipped a record (not linked to a contract) which had no publication level costs (Tuebingen U, 2024, NA€, 10.1111/ddg.15287, NA, journal article, NA))
Skipped a record (not linked to a contract) which had no publication level costs (Tuebingen U, 2024, NA€, 10.1111/ddg.15322, NA, journal article, NA))
Skipped a record (not linked to a contract) which had no publication level costs (Tuebingen U, 2024, NA€, 10.1111/erev.12840, NA, journal article, NA))
Skipped a record (not linked to a contract) which had no publication level costs (Tuebingen U, 2024, NA€, 10.1111/jipb.13610, NA, journal article, NA))
Skipped a record (not linked to a contract) which had no publication level costs (Tuebingen U, 2024, NA€, 10.1111/jon.13187, NA, journal article, NA))
Skipped a record (not linked to a contract) which was no journal article (Tuebingen U, 2024, 7750.58€, 10.5334/oq.153, FALSE, conference proceedings, NA))
Skipped a record (not linked to a contract) which had no publication level costs (Tuebingen U, 2024, NA€, 10.1002/anie.202314028, NA, journal article, NA))
Skipped a record (not linked to a contract) which had no publication level costs (Tuebingen U, 2024, NA€, 10.1109/tvcg.2023.3337642, NA, journal article, NA))
Skipped a record (not linked to a contract) which had no publication level costs (Tuebingen U, 2024, NA€, 10.1021/jacs.3c12002, NA, journal article, NA))
Skipped a record (not linked to a contract) which had no publication level costs (Tuebingen U, 2024, NA€, 10.1073/pnas.2318560121, NA, journal article, NA))
Skipped a record (not linked to a contract) which had no publication level costs (Tuebingen U, 2024, NA€, 10.1021/acs.jpclett.3c03580, NA, journal article, NA))
Skipped a record (not linked to a contract) which had no publication level costs (Tuebingen U, 2024, NA€, 10.1109/tii.2024.3385503, NA, journal article, NA))
Skipped a record (not linked to a contract) which had no publication level costs (Tuebingen U, 2024, NA€, 10.1109/tgrs.2024.3394594, NA, journal article, NA))
Skipped a record (not linked to a contract) which had no publication level costs (Tuebingen U, 2024, NA€, 10.1126/science.adl0984, NA, journal article, NA))
Skipped a record (not linked to a contract) which had no publication level costs (Tuebingen U, 2024, NA€, 10.1002/ange.202411078, NA, journal article, NA))
Skipped a record (not linked to a contract) which had no publication level costs (Tuebingen U, 2024, NA€, 10.1021/acs.jmedchem.4c01371, NA, journal article, NA))
Skipped a record (not linked to a contract) which had no publication level costs (Tuebingen U, 2024, NA€, 10.1109/tnsm.2024.3434337, NA, journal article, NA))
Skipped a record (not linked to a contract) which had no publication level costs (Tuebingen U, 2024, NA€, 10.1109/tgrs.2024.3446042, NA, journal article, NA))
Skipped a record (not linked to a contract) which had no publication level costs (Tuebingen U, 2024, NA€, 10.1128/aem.01262-24, NA, journal article, NA))
Skipped a record (not linked to a contract) which had no publication level costs (Tuebingen U, 2024, NA€, 10.1002/chem.202487002, NA, journal article, NA))
Skipped a record (not linked to a contract) which had no publication level costs (Tuebingen U, 2024, NA€, 10.1093/infdis/jiae188, NA, journal article, NA))
Skipped a record (not linked to a contract) which had no publication level costs (Tuebingen U, 2024, NA€, 10.1159/000539302, NA, journal article, NA))
Skipped a record (not linked to a contract) which had no publication level costs (Tuebingen U, 2024, NA€, 10.1038/s41588-024-01719-5, NA, journal article, NA))
Skipped a record (not linked to a contract) which had no publication level costs (Tuebingen U, 2024, NA€, 10.1200/jco.2024.42.16_suppl.tps9617, NA, journal article, NA))
Skipped a record (not linked to a contract) which had no publication level costs (Tuebingen U, 2024, NA€, 10.1093/ejendo/lvae059, NA, journal article, NA))
Skipped a record (not linked to a contract) which had no publication level costs (Tuebingen U, 2024, NA€, 10.1089/fpd.2024.0095, NA, journal article, NA))
Skipped a record (not linked to a contract) which had no publication level costs (Tuebingen U, 2024, NA€, 10.1161/circresaha.124.324812, NA, journal article, NA))
Skipped a record (not linked to a contract) which had no publication level costs (Tuebingen U, 2024, NA€, 10.3324/haematol.2024.286385, NA, journal article, NA))
Skipped a record (not linked to a contract) which had no publication level costs (Tuebingen U, 2024, NA€, 10.1016/j.ymthe.2024.03.037, NA, journal article, NA))
Skipped a record (not linked to a contract) which had no publication level costs (Tuebingen U, 2024, NA€, 10.1093/sleep/zsaf151, NA, journal article, NA))
Skipped a record (not linked to a contract) which had no publication level costs (Tuebingen U, 2024, NA€, 10.7754/clin.lab.2024.240922, NA, journal article, NA))
Skipped a record (not linked to a contract) which had no publication level costs (JGU Mainz, 2024, NA€, 10.3233/jad-240028, NA, journal article, NA))
Skipped a record (not linked to a contract) which had no publication level costs (JGU Mainz, 2024, NA€, 10.1038/s41557-024-01446-8, NA, journal article, NA))
Skipped a record (not linked to a contract) which had no publication level costs (JGU Mainz, 2024, NA€, 10.1038/s41586-024-07512-y, NA, journal article, NA))
Skipped a record (not linked to a contract) which had no publication level costs (JGU Mainz, 2024, NA€, 10.1073/pnas.2320256121, NA, journal article, NA))
Skipped a record (not linked to a contract) which was no journal article (JGU Mainz, 2024, NA€, 10.5194/egusphere-2024-2018, NA, other, NA))
Skipped a record (not linked to a contract) which was no journal article (JGU Mainz, 2024, NA€, 10.5194/egusphere-egu24-11131, NA, other, NA))
Skipped a record (not linked to a contract) which was no journal article (JGU Mainz, 2024, NA€, 10.5194/egusphere-egu24-12283, NA, other, NA))
Skipped a record (not linked to a contract) which was no journal article (JGU Mainz, 2024, NA€, 10.5194/egusphere-egu24-16725, NA, other, NA))
Skipped a record (not linked to a contract) which was no journal article (JGU Mainz, 2024, NA€, 10.5194/egusphere-egu24-5497, NA, other, NA))
Skipped a record (not linked to a contract) which was no journal article (JGU Mainz, 2024, NA€, 10.5194/egusphere-egu24-8998, NA, other, NA))
Skipped a record (not linked to a contract) which had no publication level costs (JGU Mainz, 2024, NA€, 10.5194/egusphere-egu24-5290, NA, journal article, NA))
Skipped a record (not linked to a contract) which had no publication level costs (JGU Mainz, 2024, NA€, 10.1175/jcli-d-22-0831.1, NA, journal article, NA))
Skipped a record (not linked to a contract) which was no journal article (JGU Mainz, 2024, NA€, 10.4324/9781003120520, NA, book part, NA))
Skipped a record (not linked to a contract) which was no journal article (JGU Mainz, 2024, NA€, 10.5194/egusphere-egu24-10458, NA, other, NA))
Skipped a record (not linked to a contract) which was no journal article (JGU Mainz, 2024, NA€, 10.5194/egusphere-egu24-12365, NA, other, NA))
Skipped a record (not linked to a contract) which was no journal article (JGU Mainz, 2024, NA€, 10.5194/egusphere-egu24-5164, NA, other, NA))
Skipped a record (not linked to a contract) which was no journal article (JGU Mainz, 2024, NA€, 10.5194/egusphere-egu24-16269, NA, other, NA))
Skipped a record (not linked to a contract) which was no journal article (JGU Mainz, 2024, NA€, 10.5194/egusphere-egu24-8810, NA, other, NA))
Skipped a record (not linked to a contract) which was no journal article (JGU Mainz, 2024, NA€, 10.5194/egusphere-egu24-186, NA, other, NA))
Skipped a record (not linked to a contract) which was no journal article (JGU Mainz, 2024, NA€, 10.5194/egusphere-egu24-5398, NA, other, NA))
Skipped a record (not linked to a contract) which had no publication level costs (Paul-Drude-Institut für Festkörperelektronik, 2024, NA€, 10.1126/science.adn7087, NA, journal article, NA))
Skipped a record (not linked to a contract) which had no publication level costs (TU Clausthal, 2025, NA€, 10.1109/tnnls.2025.3538262, NA, journal article, NA))
Skipped a record (not linked to a contract) which had no publication level costs (Wuerzburg U, 2024, NA€, 10.15403/jgld-5440, NA, journal article, NA))
Skipped a record (not linked to a contract) which had no publication level costs (Wuerzburg U, 2024, NA€, 10.1086/729620, NA, journal article, NA))
Skipped a record (not linked to a contract) which had no publication level costs (Helmholtz Zentrum München, 2024, NA€, 10.3389/fenvs.2024.1460099, NA, journal article, NA))
Skipped a record (not linked to a contract) which had no publication level costs (Helmholtz Zentrum München, 2024, NA€, 10.1109/tmi.2024.3398816, NA, journal article, NA))
Skipped a record (linked to a contract) which had no valid cost type combination. Cost type must be either "hybrid-oa", "gold-oa" or "publication charge" (with a value of 0) (10.1145/3638036.3640808)
Skipped a record (linked to a contract) which had no valid cost type combination. Cost type must be either "hybrid-oa", "gold-oa" or "publication charge" (with a value of 0) (10.1145/3658644.3690368)
Skipped a record (linked to a contract) which had no valid cost type combination. Cost type must be either "hybrid-oa", "gold-oa" or "publication charge" (with a value of 0) (10.1145/3664476.3670931)
Skipped a record (linked to a contract) which had no valid cost type combination. Cost type must be either "hybrid-oa", "gold-oa" or "publication charge" (with a value of 0) (10.1145/3672560)
Skipped a record (linked to a contract) which had no valid cost type combination. Cost type must be either "hybrid-oa", "gold-oa" or "publication charge" (with a value of 0) (10.1145/3685651.3686657)
Skipped a record (not linked to a contract) which had no publication level costs (Leibniz-IOW, 2024, NA€, 10.1038/s41558-024-01927-1, NA, journal article, NA))
Skipped a record (not linked to a contract) which had no publication level costs (Leibniz-IOW, 2024, NA€, 10.1021/acs.analchem.4c02875, NA, journal article, NA))
Skipped a record (not linked to a contract) which had no publication level costs (Hannover U, 2024, NA€, 10.1126/science.adk6112, NA, journal article, NA))
Skipped a record (not linked to a contract) which was no journal article (Hannover U, 2024, NA€, 10.13173/gg.2.2.023, NA, book part, NA))
Skipped a record (not linked to a contract) which had no publication level costs (TU Darmstadt, 2024, NA€, 10.1016/j.ijheatmasstransfer.2023.125117, NA, journal article, NA))
Skipped a record (not linked to a contract) which was no journal article (TU Darmstadt, 2024, NA€, 10.1021/acs.analchem.3c04236, NA, other, NA))
Skipped a record (not linked to a contract) which was no journal article (TU Darmstadt, 2024, NA€, 10.1021/acs.analchem.3c04231, NA, other, NA))
Skipped a record (not linked to a contract) which was no journal article (TU Darmstadt, 2024, 780.02€, 10.1145/3613904.3642564, TRUE, conference proceedings, NA))
Skipped a record (not linked to a contract) which was no journal article (TU Darmstadt, 2023, 752.69€, 10.1145/3610977.3634926, TRUE, conference proceedings, NA))
Skipped a record (not linked to a contract) which was no journal article (TU Darmstadt, 2024, 761.98€, 10.1145/3610978.3640673, TRUE, conference proceedings, NA))
Skipped a record (not linked to a contract) which was no journal article (TU Darmstadt, 2024, 765.28€, 10.1145/3639476.3639770, TRUE, conference proceedings, NA))
Skipped a record (not linked to a contract) which had no publication level costs (TU Darmstadt, 2024, NA€, 10.1109/tbme.2024.3350789, NA, journal article, NA))
Skipped a record (not linked to a contract) which had no publication level costs (TU Darmstadt, 2024, NA€, 10.1021/acs.nanolett.3c03941, NA, journal article, NA))
Skipped a record (not linked to a contract) which was no journal article (TU Darmstadt, 2024, 784.36€, 10.1145/3650212.3652109, TRUE, conference proceedings, NA))
Skipped a record (not linked to a contract) which was no journal article (TU Darmstadt, 2024, 779.16€, 10.1145/3650212.3652114, TRUE, conference proceedings, NA))
Skipped a record (not linked to a contract) which had no publication level costs (TU Darmstadt, 2024, NA€, 10.1115/1.4065286, NA, journal article, NA))
Skipped a record (not linked to a contract) which had no publication level costs (TU Darmstadt, 2024, NA€, 10.1109/tcomm.2024.3381718, NA, journal article, NA))
Skipped a record (not linked to a contract) which had no publication level costs (TU Darmstadt, 2024, NA€, 10.1038/s41567-023-02366-z, NA, journal article, NA))
Skipped a record (not linked to a contract) which had no publication level costs (TU Darmstadt, 2024, NA€, 10.1109/tpami.2024.3390051, NA, journal article, NA))
Skipped a record (not linked to a contract) which had no publication level costs (TU Darmstadt, 2024, NA€, 10.1109/tpwrs.2024.3381472, NA, journal article, NA))
Skipped a record (not linked to a contract) which was no journal article (TU Darmstadt, 2024, 773.01€, 10.1145/3643832.3661412, TRUE, conference proceedings, NA))
Skipped a record (not linked to a contract) which was no journal article (TU Darmstadt, 2024, NA€, 10.1109/speedam61530.2024.10609136, NA, conference proceedings, NA))
Skipped a record (not linked to a contract) which had no publication level costs (TU Darmstadt, 2024, NA€, 10.3233/jae-230233, NA, journal article, NA))
Skipped a record (not linked to a contract) which had no publication level costs (TU Darmstadt, 2024, NA€, 10.1109/jbhi.2024.3383590, NA, journal article, NA))
Skipped a record (not linked to a contract) which was no journal article (TU Darmstadt, 2024, NA€, 10.1002/anie.202411210, NA, other, NA))
Skipped a record (not linked to a contract) which was no journal article (TU Darmstadt, 2024, NA€, 10.1002/admi.202470041, NA, other, NA))
Skipped a record (not linked to a contract) which had no publication level costs (TU Darmstadt, 2024, NA€, 10.1109/tmc.2024.3396389, NA, journal article, NA))
Skipped a record (not linked to a contract) which was no journal article (TU Darmstadt, 2024, NA€, 10.1039/d4tc90089h, NA, other, NA))
Skipped a record (not linked to a contract) which had no publication level costs (TU Darmstadt, 2024, NA€, 10.1109/jsen.2024.3427833, NA, journal article, NA))
Skipped a record (not linked to a contract) which had no publication level costs (TU Darmstadt, 2024, NA€, 10.1109/lra.2024.3396074, NA, journal article, NA))
Skipped a record (not linked to a contract) which had no publication level costs (TU Darmstadt, 2024, NA€, 10.1109/lra.2024.3457208, NA, journal article, NA))
Skipped a record (not linked to a contract) which had no publication level costs (TU Darmstadt, 2024, NA€, 10.1109/tnet.2024.3452953, NA, journal article, NA))
Skipped a record (not linked to a contract) which had no publication level costs (TU Darmstadt, 2024, NA€, 10.1109/lra.2024.3445630, NA, journal article, NA))
Skipped a record (not linked to a contract) which was no journal article (TU Darmstadt, 2025, 1785.0€, 10.4324/9781003435471, TRUE, book part, NA))
Skipped a record (not linked to a contract) which had no publication level costs (TU Ilmenau, 2024, NA€, 10.17743/jaes.2022.0073, NA, journal article, NA))
Skipped a record (not linked to a contract) which had no publication level costs (TU Ilmenau, 2024, NA€, 10.1109/tpel.2024.3360000, NA, journal article, NA))
Skipped a record (not linked to a contract) which had no publication level costs (TU Ilmenau, 2024, NA€, 10.1109/tcomm.2024.3383106, NA, journal article, NA))
Skipped a record (not linked to a contract) which had no publication level costs (TU Ilmenau, 2024, NA€, 10.1093/sysbio/syae042, NA, journal article, NA))
Skipped a record (not linked to a contract) which had no publication level costs (TU Ilmenau, 2024, NA€, 10.1039/d4lc00178h, NA, journal article, NA))
Skipped a record (not linked to a contract) which was no journal article (Duisburg-Essen U, 2024, 368.08€, 10.1016/j.simpa.2024.100642, FALSE, software, NA))
Skipped a record (not linked to a contract) which had no publication level costs (Leibniz Institute on Aging - Fritz Lipmann Institute (FLI), 2024, NA€, 10.1021/acs.jproteome.4c00308, NA, journal article, NA))
Skipped a record (not linked to a contract) which had no publication level costs (FZJ - ZB, 2024, NA€, 10.1021/jacs.4c08446, NA, journal article, NA))
Skipped a record (not linked to a contract) which had no publication level costs (FZJ - ZB, 2024, NA€, 10.1038/s41467-024-45079-4, NA, journal article, NA))
Skipped a record (not linked to a contract) which had no publication level costs (FZJ - ZB, 2024, NA€, 10.1126/science.ads0901, NA, journal article, NA))
Skipped a record (not linked to a contract) which was no journal article (FZJ - ZB, 2024, 1667.24€, 10.5194/egusphere-2024-517, FALSE, preprint, NA))
Skipped a record (not linked to a contract) which was no journal article (Potsdam U, 2024, 2380.0€, 10.4324/9781003125778, TRUE, book part, NA))
Skipped a record (not linked to a contract) which had no publication level costs (Potsdam U, 2024, NA€, 10.1055/a-2359-7916, NA, journal article, NA))
Skipped a record (not linked to a contract) which had no publication level costs (Potsdam U, 2024, NA€, 10.1190/geo2023-0670.1, NA, journal article, NA))
Skipped a record (not linked to a contract) which had no publication level costs (Potsdam U, 2024, NA€, 10.1785/0120230257, NA, journal article, NA))
Skipped a record (not linked to a contract) which had no publication level costs (Potsdam U, 2024, NA€, 10.1039/d3py01036h, NA, journal article, NA))
Skipped a record (not linked to a contract) which had no publication level costs (Potsdam U, 2024, NA€, 10.1093/plphys/kiae315, NA, journal article, NA))
Skipped a record (not linked to a contract) which had no publication level costs (Potsdam U, 2024, NA€, 10.1016/j.econlet.2024.112032, NA, journal article, NA))
Skipped a record (not linked to a contract) which had no publication level costs (Wuppertal U, 2024, NA€, 10.3390/rel15101276, NA, journal article, NA))
Skipped a record (not linked to a contract) which had no publication level costs (Wuppertal U, 2024, NA€, 10.3390/rel15101277, NA, journal article, NA))
Skipped a record (not linked to a contract) which had no publication level costs (Wuppertal U, 2024, NA€, 10.2378/peu2024.art27d, NA, journal article, NA))
Skipped a record (not linked to a contract) which had no publication level costs (Wuppertal U, 2024, NA€, 10.1109/tte.2024.3429545, NA, journal article, NA))
Skipped a record (not linked to a contract) which had no publication level costs (Wuppertal U, 2024, NA€, 10.1109/tsg.2024.3453491, NA, journal article, NA))
Skipped a record (not linked to a contract) which had no publication level costs (Wuppertal U, 2024, NA€, 10.3790/zfke.2023.1434503, NA, journal article, NA))
Skipped a record (not linked to a contract) which had no publication level costs (Wuppertal U, 2024, NA€, 10.1021/acs.chemmater.4c02078, NA, journal article, NA))
Skipped a record (not linked to a contract) which was no journal article (Bamberg U, 2024, 1113.02€, 10.21832/9781800414815-008, TRUE, book part, NA))
Skipped a record (not linked to a contract) which was no journal article (Bonn U, 2024, 1785.0€, 10.4324/9781003025832-37, FALSE, book part, NA))
Skipped a record (not linked to a contract) which was no journal article (Bonn U, 2024, 1785.0€, 10.4324/9781003540458-3, FALSE, book part, NA))
Skipped a record (not linked to a contract) which was no journal article (Bonn U, 2024, 4951.23€, 10.1021/acsptsci.4c00002, FALSE, book part, NA))
Skipped a record (not linked to a contract) which was no journal article (Bonn U, 2024, 2725.1€, 10.1007/978-981-97-8638-1_7, FALSE, book part, NA))
Skipped a record (not linked to a contract) which had no publication level costs (GFZ-Potsdam, 2023, NA€, 10.1785/0120230161, NA, journal article, NA))
Skipped a record (not linked to a contract) which had no publication level costs (GFZ-Potsdam, 2024, NA€, 10.1785/0220230247, NA, journal article, NA))
Skipped a record (not linked to a contract) which had no publication level costs (GFZ-Potsdam, 2024, NA€, 10.1785/0120230164, NA, journal article, NA))
Skipped a record (not linked to a contract) which had no publication level costs (GFZ-Potsdam, 2024, NA€, 10.1785/0120230168, NA, journal article, NA))
Skipped a record (not linked to a contract) which had no publication level costs (GFZ-Potsdam, 2024, NA€, 10.1785/0220240100, NA, journal article, NA))
Skipped a record (not linked to a contract) which had no publication level costs (GFZ-Potsdam, 2024, NA€, 10.1785/0120240017, NA, journal article, NA))
Skipped a record (not linked to a contract) which had no publication level costs (GFZ-Potsdam, 2024, NA€, 10.1785/0220230425, NA, journal article, NA))
Skipped a record (not linked to a contract) which had no publication level costs (GFZ-Potsdam, 2024, NA€, 10.1785/0120230317, NA, journal article, NA))
Skipped a record (not linked to a contract) which had no publication level costs (GFZ-Potsdam, 2024, NA€, 10.1785/0220240088, NA, journal article, NA))
Skipped a record (not linked to a contract) which had no publication level costs (GFZ-Potsdam, 2024, NA€, 10.1785/0120240092, NA, journal article, NA))
Skipped a record (not linked to a contract) which had no publication level costs (GFZ-Potsdam, 2024, NA€, 10.1130/b37612.1, NA, journal article, NA))
Skipped a record (not linked to a contract) which had no publication level costs (GFZ-Potsdam, 2024, NA€, 10.1785/0220240043, NA, journal article, NA))
Skipped a record (not linked to a contract) which had no publication level costs (GFZ-Potsdam, 2024, NA€, 10.1785/0220240176, NA, journal article, NA))
Skipped a record (not linked to a contract) which had no publication level costs (GFZ-Potsdam, 2024, NA€, 10.1785/0120240132, NA, journal article, NA))
Skipped a record (not linked to a contract) which had no publication level costs (GFZ-Potsdam, 2024, NA€, 10.1785/0120240128, NA, journal article, NA))
Skipped a record (not linked to a contract) which had no publication level costs (GFZ-Potsdam, 2024, NA€, 10.1785/0220240245, NA, journal article, NA))
Skipped a record (not linked to a contract) which had no publication level costs (GFZ-Potsdam, 2024, NA€, 10.1109/tgrs.2024.3492495, NA, journal article, NA))
Skipped a record (not linked to a contract) which had no publication level costs (GFZ-Potsdam, 2024, NA€, 10.1109/lgrs.2024.3390745, NA, journal article, NA))
Skipped a record (not linked to a contract) which had no publication level costs (GFZ-Potsdam, 2024, NA€, 10.2138/am-2023-8982, NA, journal article, NA))
Skipped a record (not linked to a contract) which had no publication level costs (GFZ-Potsdam, 2024, NA€, 10.2138/am-2023-9100, NA, journal article, NA))
Skipped a record (not linked to a contract) which was no journal article (Hochschule Aalen, 2023, NA€, 10.5220/0012379000003648, NA, conference proceedings, NA))
Skipped a record (not linked to a contract) which was no journal article (Hochschule Aalen, 2024, NA€, 10.5220/0012372700003648, NA, conference proceedings, NA))
Skipped a record (not linked to a contract) which was no journal article (Hochschule Aalen, 2024, NA€, 10.30819/5866.08, NA, conference proceedings, NA))
Skipped a record (not linked to a contract) which was no journal article (Hochschule Aalen, 2024, NA€, 10.5162/sensoren2024/c5.4, NA, conference proceedings, NA))
Skipped a record (not linked to a contract) which had no publication level costs (University Medical Center Hamburg-Eppendorf, 2024, NA€, 10.1055/a-2365-0498, NA, journal article, NA))
Skipped a record (not linked to a contract) which had no publication level costs (University Medical Center Hamburg-Eppendorf, 2024, NA€, 10.1136/jnnp-2024-333590, NA, journal article, NA))
Skipped a record (not linked to a contract) which had no publication level costs (University Medical Center Hamburg-Eppendorf, 2024, NA€, 10.1093/infdis/jiad612, NA, journal article, NA))
Skipped a record (not linked to a contract) which had no publication level costs (University Medical Center Hamburg-Eppendorf, 2024, NA€, 10.1093/jleuko/qiae053, NA, journal article, NA))
Skipped a record (not linked to a contract) which had no publication level costs (University Medical Center Hamburg-Eppendorf, 2024, NA€, 10.1093/neuonc/noae061, NA, journal article, NA))
Skipped a record (not linked to a contract) which had no publication level costs (University Medical Center Hamburg-Eppendorf, 2024, NA€, 10.1093/neuonc/noae068, NA, journal article, NA))
Skipped a record (not linked to a contract) which had no publication level costs (University Medical Center Hamburg-Eppendorf, 2024, NA€, 10.1136/gutjnl-2023-330856, NA, journal article, NA))
Skipped a record (not linked to a contract) which had no publication level costs (Freiburg U, 2024, NA€, 10.1002/adem.202300922, NA, journal article, NA))
Skipped a record (not linked to a contract) which had no publication level costs (Freiburg U, 2024, NA€, 10.1002/aisy.202300537, NA, journal article, NA))
Skipped a record (not linked to a contract) which was no journal article (Freiburg U, 2024, NA€, 10.1002/chem.202400146, NA, other, NA))
Skipped a record (not linked to a contract) which had no publication level costs (Freiburg U, 2024, NA€, 10.1002/ejic.202300577, NA, journal article, NA))
Skipped a record (not linked to a contract) which was no journal article (Freiburg U, 2024, 2725.1€, 10.1007/978-1-0716-4067-8_3, FALSE, book part, NA))
Skipped a record (not linked to a contract) which had no publication level costs (Freiburg U, 2022, NA€, 10.1016/j.bpj.2022.07.028, NA, journal article, NA))
Skipped a record (not linked to a contract) which had no publication level costs (Freiburg U, 2024, NA€, 10.1016/j.bpj.2023.07.020, NA, journal article, NA))
Skipped a record (not linked to a contract) which had no publication level costs (Freiburg U, 2024, NA€, 10.1016/j.immuni.2024.04.019, NA, journal article, NA))
Skipped a record (not linked to a contract) which had no publication level costs (Freiburg U, 2024, NA€, 10.1016/j.jid.2023.11.003, NA, journal article, NA))
Skipped a record (not linked to a contract) which had no publication level costs (Freiburg U, 2024, NA€, 10.1016/j.radonc.2023.110048, NA, journal article, NA))
Skipped a record (not linked to a contract) which was no journal article (Freiburg U, 2024, NA€, 10.1039/d4sc00328d, NA, other, NA))
Skipped a record (not linked to a contract) which had no publication level costs (Freiburg U, 2024, NA€, 10.1053/j.ajkd.2024.03.028, NA, journal article, NA))
Skipped a record (not linked to a contract) which had no publication level costs (Freiburg U, 2023, NA€, 10.1053/j.semvascsurg.2023.04.016, NA, journal article, NA))
Skipped a record (not linked to a contract) which had no publication level costs (Freiburg U, 2024, NA€, 10.1097/aud.0000000000001426, NA, journal article, NA))
Skipped a record (not linked to a contract) which had no publication level costs (Freiburg U, 2024, NA€, 10.1103/physrevlett.132.133003, NA, journal article, NA))
Skipped a record (not linked to a contract) which had no publication level costs (Freiburg U, 2024, NA€, 10.1109/jsen.2024.3361086, NA, journal article, NA))
Skipped a record (not linked to a contract) which had no publication level costs (Freiburg U, 2024, NA€, 10.1109/lra.2024.3375122, NA, journal article, NA))
Skipped a record (not linked to a contract) which had no publication level costs (Freiburg U, 2024, NA€, 10.1109/lra.2024.3388850, NA, journal article, NA))
Skipped a record (not linked to a contract) which had no publication level costs (Freiburg U, 2024, NA€, 10.1109/lra.2024.3418272, NA, journal article, NA))
Skipped a record (not linked to a contract) which had no publication level costs (Freiburg U, 2024, NA€, 10.1109/lra.2024.3419648, NA, journal article, NA))
Skipped a record (not linked to a contract) which had no publication level costs (Freiburg U, 2024, NA€, 10.1109/lra.2024.3441495, NA, journal article, NA))
Skipped a record (not linked to a contract) which had no publication level costs (Freiburg U, 2024, NA€, 10.1109/lra.2024.3468090, NA, journal article, NA))
Skipped a record (not linked to a contract) which had no publication level costs (Freiburg U, 2024, NA€, 10.1109/lra.2024.3487506, NA, journal article, NA))
Skipped a record (not linked to a contract) which had no publication level costs (Freiburg U, 2024, NA€, 10.1109/rbme.2024.3410399, NA, journal article, NA))
Skipped a record (not linked to a contract) which had no publication level costs (Freiburg U, 2024, NA€, 10.1109/tcst.2024.3400571, NA, journal article, NA))
Skipped a record (not linked to a contract) which had no publication level costs (Freiburg U, 2024, NA€, 10.1109/tiv.2024.3398805, NA, journal article, NA))
Skipped a record (not linked to a contract) which had no publication level costs (Freiburg U, 2024, NA€, 10.1109/tpami.2024.3462293, NA, journal article, NA))
Skipped a record (not linked to a contract) which had no publication level costs (Freiburg U, 2024, NA€, 10.1109/tthz.2024.3371670, NA, journal article, NA))
Skipped a record (not linked to a contract) which had no publication level costs (Freiburg U, 2024, NA€, 10.1115/1.4064330, NA, journal article, NA))
Skipped a record (not linked to a contract) which had no publication level costs (Freiburg U, 2024, NA€, 10.1124/dmd.123.001501, NA, journal article, NA))
Skipped a record (not linked to a contract) which had no publication level costs (Freiburg U, 2024, NA€, 10.1126/sciimmunol.adj5948, NA, journal article, NA))
Skipped a record (not linked to a contract) which had no publication level costs (Freiburg U, 2024, NA€, 10.1126/scitranslmed.adi1501, NA, journal article, NA))
Skipped a record (not linked to a contract) which had no publication level costs (Freiburg U, 2024, NA€, 10.1126/scitranslmed.adj9672, NA, journal article, NA))
Skipped a record (not linked to a contract) which had no publication level costs (Freiburg U, 2023, NA€, 10.1128/spectrum.03045-23, NA, journal article, NA))
Skipped a record (not linked to a contract) which had no publication level costs (Freiburg U, 2024, NA€, 10.1130/b37164.1, NA, journal article, NA))
Skipped a record (not linked to a contract) which had no publication level costs (Freiburg U, 2024, NA€, 10.1152/ajpheart.00425.2024, NA, journal article, NA))
Skipped a record (not linked to a contract) which had no publication level costs (Freiburg U, 2024, NA€, 10.1152/jn.00339.2024, NA, journal article, NA))
Skipped a record (not linked to a contract) which had no publication level costs (Freiburg U, 2024, NA€, 10.1158/0008-5472.can-23-3553, NA, journal article, NA))
Skipped a record (not linked to a contract) which had no publication level costs (Freiburg U, 2024, NA€, 10.1182/blood.2023022281, NA, journal article, NA))
Skipped a record (not linked to a contract) which was no journal article (Freiburg U, 2024, NA€, 10.1182/blood-2024-203866, NA, conference proceedings, NA))
Skipped a record (not linked to a contract) which was no journal article (Freiburg U, 2024, NA€, 10.1182/blood-2024-210676, NA, conference proceedings, NA))
Skipped a record (not linked to a contract) which was no journal article (Freiburg U, 2024, 2232.44€, 10.1201/9781003146902-12, TRUE, book part, NA))
Skipped a record (not linked to a contract) which had no publication level costs (Freiburg U, 2024, NA€, 10.1364/ao.518950, NA, journal article, NA))
Skipped a record (not linked to a contract) which had no publication level costs (Freiburg U, 2024, NA€, 10.1681/asn.0000000000000400, NA, journal article, NA))
Skipped a record (not linked to a contract) which had no publication level costs (Freiburg U, 2023, NA€, 10.2196/51683, NA, journal article, NA))
Skipped a record (not linked to a contract) which was no journal article (Freiburg U, 2024, 207.59€, 10.2196/58180, FALSE, other, NA))
Skipped a record (not linked to a contract) which had no publication level costs (Freiburg U, 2023, NA€, 10.3174/ajnr.a8111, NA, journal article, NA))
Skipped a record (not linked to a contract) which had no publication level costs (Freiburg U, 2024, NA€, 10.3324/haematol.2023.283884, NA, journal article, NA))
Skipped a record (not linked to a contract) which had no publication level costs (Freiburg U, 2024, NA€, 10.3791/66954, NA, journal article, NA))
Skipped a record (not linked to a contract) which was no journal article (Freiburg U, 2024, 140.44€, 10.5061/dryad.kkwh70s9g, FALSE, dataset, NA))
Skipped a record (not linked to a contract) which was no journal article (Freiburg U, 2024, NA€, 10.5194/egusphere-egu24-19796, NA, other, NA))
Skipped a record (not linked to a contract) which had no publication level costs (Freiburg U, 2024, NA€, 10.52768/2766-7820/2961, NA, journal article, NA))
Skipped a record (not linked to a contract) which had no publication level costs (Freiburg U, 2024, NA€, 10.5771/0340-0425-2022-3-439, NA, journal article, NA))
